SF:lib\main.dart
DA:15,0
DA:16,0
DA:17,0
DA:18,0
DA:19,0
DA:27,0
DA:32,27
DA:35,2
DA:36,1
DA:38,1
DA:41,1
DA:43,1
DA:44,1
DA:45,1
DA:46,1
DA:49,1
DA:50,1
DA:51,1
DA:53,1
DA:54,0
DA:58,0
DA:60,0
DA:62,0
DA:63,0
LF:24
LH:13
end_of_record
SF:lib\authentification\data\services\google_auth.dart
DA:9,0
DA:11,0
DA:12,0
DA:13,0
DA:18,0
DA:21,0
DA:22,0
DA:25,0
DA:29,0
LF:9
LH:0
end_of_record
SF:lib\authentification\data\services\login_service.dart
DA:11,0
DA:12,0
DA:13,0
DA:14,0
DA:16,0
DA:17,0
DA:20,0
DA:22,0
DA:23,0
DA:24,0
DA:25,0
DA:26,0
DA:27,0
DA:28,0
DA:29,0
DA:31,0
DA:32,0
DA:33,0
DA:34,0
DA:35,0
DA:37,0
DA:38,0
DA:41,0
LF:23
LH:0
end_of_record
SF:lib\user\data\storage\secure_storage.dart
DA:9,6
DA:12,3
DA:13,6
DA:14,1
DA:17,2
DA:18,4
DA:22,1
DA:24,2
DA:28,1
DA:29,2
LF:10
LH:10
end_of_record
SF:lib\authentification\ui\views\vista_auth_web.dart
DA:10,25
DA:11,1
DA:12,1
DA:17,1
DA:19,1
DA:21,1
DA:23,1
DA:24,1
DA:27,1
DA:29,1
DA:31,1
DA:32,1
DA:34,1
DA:36,0
DA:37,0
DA:41,1
LF:16
LH:14
end_of_record
SF:lib\user\ui\widgets\buttons\live_button.dart
DA:6,7
DA:15,7
DA:17,7
DA:18,28
LF:4
LH:4
end_of_record
SF:lib\authentification\ui\widgets\carousel_login.dart
DA:4,1
DA:5,1
DA:6,1
DA:18,1
DA:20,1
DA:21,1
DA:22,1
DA:25,1
DA:26,1
DA:27,2
DA:28,1
DA:29,1
DA:30,1
DA:31,1
DA:32,1
DA:33,1
DA:34,2
DA:46,1
DA:48,2
DA:49,1
LF:20
LH:20
end_of_record
SF:lib\config\theme.dart
DA:6,2
DA:8,1
DA:63,1
DA:64,3
DA:67,0
DA:122,0
DA:123,0
DA:126,0
DA:181,0
DA:182,0
DA:185,0
DA:240,0
DA:241,0
DA:244,0
DA:299,0
DA:300,0
DA:303,0
DA:358,0
DA:359,0
DA:362,2
DA:364,1
DA:366,2
DA:367,1
DA:368,1
DA:370,1
DA:371,1
DA:416,0
DA:422,25
DA:528,1
DA:529,1
DA:530,1
DA:531,1
DA:532,1
DA:533,1
DA:534,1
DA:535,1
DA:536,1
DA:537,1
DA:538,1
DA:539,1
DA:540,1
DA:541,1
DA:542,1
DA:543,1
DA:544,1
DA:545,1
DA:546,1
DA:547,1
DA:548,1
DA:549,1
DA:550,1
DA:551,1
DA:552,1
DA:553,1
DA:554,1
DA:555,1
DA:556,1
DA:557,1
DA:558,1
DA:559,1
DA:573,25
DA:586,25
LF:62
LH:46
end_of_record
SF:lib\config\util.dart
DA:5,2
DA:7,4
DA:9,2
DA:11,2
DA:12,2
DA:13,2
DA:14,2
DA:15,2
DA:16,2
DA:17,2
DA:18,2
LF:11
LH:11
end_of_record
SF:lib\match\domain\create\notifications_services.dart
DA:5,0
DA:6,0
DA:8,0
DA:16,0
DA:20,0
DA:28,0
DA:29,0
DA:33,0
DA:41,0
LF:9
LH:0
end_of_record
SF:lib\match\ui\views\agenda\vista_agenda_partido.dart
DA:6,25
DA:8,0
DA:10,0
DA:11,0
DA:12,0
DA:15,0
LF:6
LH:1
end_of_record
SF:lib\user\ui\views\vista_avanzada.dart
DA:6,25
DA:8,0
DA:10,0
DA:11,0
DA:12,0
DA:15,0
LF:6
LH:1
end_of_record
SF:lib\user\ui\views\vista_avanzada_personal.dart
DA:7,25
DA:9,0
DA:11,0
DA:12,0
DA:13,0
DA:16,0
DA:18,0
DA:19,0
DA:20,0
DA:21,0
DA:22,0
LF:11
LH:1
end_of_record
SF:lib\match\ui\views\agenda\vista_hoja_informacion.dart
DA:9,25
DA:11,0
DA:13,0
DA:22,0
DA:23,0
DA:24,0
DA:33,0
DA:35,0
DA:38,0
DA:39,0
DA:40,0
DA:41,0
DA:42,0
DA:43,0
DA:44,0
DA:45,0
DA:46,0
DA:47,0
DA:49,0
DA:55,0
DA:56,0
DA:57,0
DA:58,0
DA:60,0
DA:63,0
DA:64,0
DA:65,0
DA:66,0
LF:28
LH:1
end_of_record
SF:lib\user\ui\views\home_page.dart
DA:9,27
DA:13,2
DA:15,4
DA:21,2
DA:23,2
DA:25,4
DA:26,2
DA:27,4
DA:28,2
DA:36,2
DA:38,2
DA:39,2
DA:40,4
DA:41,2
DA:42,2
DA:64,2
DA:65,2
LF:17
LH:17
end_of_record
SF:lib\map\domain\hoja_map.dart
DA:9,0
DA:10,0
DA:22,0
DA:24,0
DA:25,0
DA:26,0
DA:29,0
DA:30,0
DA:31,0
DA:32,0
DA:34,0
DA:35,0
DA:39,0
DA:44,0
LF:14
LH:0
end_of_record
SF:lib\match\data\services\action_service.dart
DA:8,1
DA:9,1
DA:10,2
DA:12,1
DA:16,2
DA:18,1
DA:19,1
DA:23,4
DA:26,1
DA:27,3
LF:10
LH:10
end_of_record
SF:lib\match\data\services\agenda_partido_service.dart
DA:15,1
DA:16,1
DA:18,1
DA:19,1
DA:20,2
DA:22,2
DA:23,2
DA:24,1
DA:26,4
DA:27,2
DA:30,1
DA:34,1
DA:36,1
DA:37,1
DA:38,2
DA:40,2
DA:41,2
DA:42,1
DA:44,4
DA:45,2
DA:48,1
LF:21
LH:21
end_of_record
SF:lib\match\domain\models\joined_match.dart
DA:13,6
DA:36,8
DA:37,10
DA:38,10
DA:39,6
DA:40,12
DA:41,10
DA:42,10
DA:43,10
DA:44,6
DA:45,10
DA:48,4
DA:49,4
DA:52,4
DA:53,4
DA:56,4
DA:57,4
DA:60,4
DA:61,4
DA:64,4
DA:65,4
DA:68,4
DA:69,4
DA:72,4
DA:73,4
DA:76,4
DA:77,4
DA:80,4
DA:81,4
DA:84,4
DA:85,4
DA:89,3
DA:90,3
DA:91,3
DA:92,3
DA:93,6
DA:94,6
DA:95,3
DA:96,3
DA:97,3
DA:98,3
DA:99,3
DA:100,3
LF:43
LH:43
end_of_record
SF:lib\match\domain\models\owner_match.dart
DA:12,2
DA:33,2
DA:34,4
DA:35,4
DA:36,4
DA:37,4
DA:38,4
DA:39,4
DA:40,4
DA:41,4
DA:44,1
DA:45,1
DA:48,1
DA:49,1
DA:52,1
DA:53,1
DA:56,1
DA:57,1
DA:60,1
DA:61,1
DA:64,1
DA:65,1
DA:68,1
DA:69,1
DA:72,1
DA:73,1
DA:76,1
DA:77,1
DA:81,2
DA:82,2
DA:83,2
DA:84,4
DA:85,4
DA:86,2
DA:87,2
DA:88,2
DA:89,2
DA:90,2
DA:91,2
LF:39
LH:39
end_of_record
SF:lib\match\data\services\buscar_partida_service.dart
DA:18,4
DA:19,3
DA:20,1
DA:21,1
DA:22,3
DA:25,1
DA:26,1
DA:27,2
DA:32,1
DA:35,2
DA:37,1
DA:44,2
DA:47,1
DA:48,1
DA:52,3
DA:53,1
DA:55,4
DA:56,1
DA:58,4
DA:62,1
DA:63,3
DA:64,1
DA:68,1
DA:69,2
DA:70,1
DA:71,0
DA:73,0
DA:74,0
DA:75,0
DA:77,0
DA:79,0
DA:83,0
DA:85,0
DA:90,0
DA:92,0
DA:93,0
DA:94,0
DA:96,0
DA:98,0
DA:101,0
DA:102,0
DA:105,0
DA:106,0
DA:107,0
DA:108,0
DA:109,0
DA:110,0
DA:113,0
DA:114,0
DA:117,0
DA:120,0
DA:123,0
DA:126,0
DA:127,0
DA:128,0
DA:130,0
DA:132,0
DA:133,0
DA:134,0
DA:135,0
DA:136,0
DA:140,0
DA:141,0
DA:144,0
LF:64
LH:25
end_of_record
SF:lib\match\domain\models\map_match.dart
DA:13,2
DA:36,2
DA:37,4
DA:38,4
DA:39,4
DA:40,4
DA:41,4
DA:42,4
DA:43,4
DA:44,4
DA:45,2
DA:48,1
DA:49,1
DA:52,1
DA:53,1
DA:56,1
DA:57,1
DA:60,1
DA:61,1
DA:64,1
DA:65,1
DA:68,1
DA:69,1
DA:72,1
DA:73,1
DA:76,1
DA:77,1
DA:80,1
DA:81,1
DA:84,1
DA:85,1
DA:89,2
DA:90,2
DA:91,2
DA:92,4
DA:93,4
DA:94,2
DA:95,2
DA:96,2
DA:97,2
DA:98,2
DA:99,2
DA:100,2
LF:43
LH:43
end_of_record
SF:lib\match\data\services\create_match_service.dart
DA:12,1
DA:14,1
DA:17,1
DA:18,1
DA:19,2
DA:22,1
DA:25,2
DA:27,2
DA:30,1
DA:31,1
DA:35,2
DA:38,0
DA:39,0
LF:13
LH:11
end_of_record
SF:lib\match\domain\models\match.dart
DA:12,3
DA:33,2
DA:34,2
DA:35,2
DA:36,2
DA:37,2
DA:38,2
DA:39,2
DA:40,2
DA:41,0
DA:44,1
DA:45,1
DA:48,1
DA:49,1
DA:52,1
DA:53,1
DA:56,1
DA:57,1
DA:60,1
DA:61,1
DA:64,1
DA:65,1
DA:68,1
DA:69,1
DA:72,1
DA:73,1
DA:76,0
DA:77,0
DA:80,2
DA:81,2
DA:82,4
DA:83,4
DA:84,2
DA:85,2
DA:86,2
DA:87,2
DA:88,2
DA:89,2
DA:90,2
DA:91,2
DA:96,1
DA:97,1
DA:98,2
DA:99,2
DA:100,1
DA:101,1
DA:102,1
DA:103,1
DA:104,1
DA:105,1
LF:50
LH:47
end_of_record
SF:lib\match\data\services\join_service.dart
DA:10,7
DA:11,2
DA:12,3
DA:13,2
DA:15,2
DA:18,1
DA:22,2
DA:24,1
DA:25,1
DA:28,1
DA:29,4
DA:30,1
DA:33,1
DA:34,2
LF:14
LH:14
end_of_record
SF:lib\match\domain\create\form_save.dart
DA:8,3
DA:12,2
DA:13,3
DA:15,1
DA:19,1
DA:20,1
DA:22,2
DA:26,1
DA:27,1
DA:28,1
DA:29,1
DA:30,1
DA:34,1
DA:35,1
DA:37,5
DA:39,1
LF:16
LH:16
end_of_record
SF:lib\match\domain\util\time_format.dart
DA:6,2
DA:7,2
DA:8,2
DA:11,2
DA:12,0
DA:14,2
DA:17,2
LF:7
LH:6
end_of_record
SF:lib\match\domain\dialogs\create_dialogs.dart
DA:5,1
DA:6,1
DA:10,1
LF:3
LH:3
end_of_record
SF:lib\match\domain\dialogs\search_dialogs.dart
DA:9,3
DA:14,1
DA:15,2
DA:18,1
DA:20,2
DA:22,0
DA:25,0
DA:26,0
DA:27,1
DA:29,0
DA:30,0
DA:32,0
DA:34,0
DA:35,0
DA:36,0
DA:37,0
DA:38,0
DA:39,0
DA:40,0
DA:41,0
DA:43,0
DA:53,1
DA:54,1
DA:58,1
DA:59,1
DA:60,1
DA:61,1
DA:62,1
DA:63,1
DA:64,1
DA:73,1
DA:74,2
DA:75,1
DA:77,2
DA:78,1
DA:80,2
DA:81,1
DA:82,1
DA:83,1
DA:84,1
DA:86,1
DA:88,1
DA:89,1
DA:90,1
DA:91,1
DA:93,1
DA:100,1
DA:102,1
LF:48
LH:33
end_of_record
SF:lib\match\domain\hoja\get_players.dart
DA:6,0
DA:7,0
DA:9,0
LF:3
LH:0
end_of_record
SF:lib\match\data\services\advanced_service.dart
DA:17,2
DA:18,1
DA:22,1
DA:24,1
DA:25,1
DA:26,2
DA:28,4
DA:29,2
DA:31,2
DA:32,1
DA:33,1
DA:37,1
DA:40,1
DA:41,1
DA:42,1
DA:43,2
DA:44,4
DA:45,2
DA:47,2
DA:48,1
DA:51,5
DA:56,1
DA:59,1
DA:60,1
DA:61,1
DA:62,2
DA:65,1
DA:69,2
DA:71,1
DA:72,1
DA:76,4
DA:79,1
DA:80,3
DA:85,1
DA:86,1
DA:87,1
DA:89,1
DA:90,1
DA:91,2
DA:94,1
DA:98,2
DA:100,1
DA:101,1
DA:104,1
DA:105,4
DA:108,1
DA:109,3
LF:47
LH:47
end_of_record
SF:lib\match\domain\models\player.dart
DA:6,2
DA:12,4
DA:13,4
DA:14,4
DA:17,1
DA:18,1
DA:21,1
DA:22,1
DA:25,1
DA:26,1
DA:30,2
DA:31,2
DA:32,2
DA:33,2
DA:34,2
LF:15
LH:15
end_of_record
SF:lib\match\domain\join_match.dart
DA:5,2
DA:6,2
DA:8,0
DA:9,0
LF:4
LH:2
end_of_record
SF:lib\match\domain\maps\search_maps.dart
DA:7,2
DA:8,2
DA:13,2
DA:14,2
DA:15,2
DA:16,2
DA:18,0
DA:19,0
DA:23,2
DA:27,2
DA:34,2
DA:35,2
DA:40,2
DA:41,2
DA:42,2
DA:43,2
DA:45,0
DA:46,0
DA:50,2
LF:19
LH:15
end_of_record
SF:lib\match\domain\models\create_match.dart
DA:9,1
DA:15,1
DA:22,1
DA:27,0
DA:28,0
DA:30,0
DA:31,1
DA:32,1
DA:33,1
DA:34,1
DA:35,1
DA:36,1
DA:37,1
DA:38,1
DA:39,1
DA:41,2
DA:44,0
DA:54,1
DA:58,0
DA:59,0
DA:60,0
DA:61,0
DA:62,0
DA:63,0
DA:65,0
DA:66,0
DA:68,0
LF:27
LH:14
end_of_record
SF:lib\match\domain\search\search_match.dart
DA:8,2
DA:9,2
DA:10,2
DA:11,0
DA:12,0
DA:13,0
DA:14,0
DA:17,0
DA:18,0
DA:19,0
DA:21,0
DA:22,0
DA:23,0
DA:24,0
DA:25,0
DA:26,0
DA:27,0
DA:30,0
DA:32,0
DA:33,0
DA:34,0
DA:35,0
DA:38,0
DA:44,0
DA:47,0
LF:25
LH:3
end_of_record
SF:lib\match\domain\search\select_game_preferences.dart
DA:8,2
DA:9,2
DA:12,2
DA:13,2
DA:14,0
DA:15,0
DA:17,0
DA:29,0
DA:30,0
DA:31,0
DA:34,0
DA:35,0
DA:37,0
DA:40,0
DA:41,0
DA:43,0
DA:47,0
LF:17
LH:4
end_of_record
SF:lib\match\ui\widgets\forms\selectors\game_selector.dart
DA:6,51
DA:8,2
DA:10,2
DA:19,1
DA:21,2
DA:22,1
DA:23,2
DA:24,1
DA:25,1
DA:26,3
DA:27,2
DA:33,2
DA:35,2
DA:36,2
DA:37,2
DA:52,2
LF:16
LH:16
end_of_record
SF:lib\match\ui\widgets\agenda\agenda_partido_model.dart
DA:5,0
DA:7,0
DA:9,0
DA:13,0
DA:14,0
DA:15,0
DA:16,0
DA:17,0
LF:8
LH:0
end_of_record
SF:lib\match\ui\views\agenda\vista_info_partido.dart
DA:8,0
DA:10,0
DA:13,0
DA:14,0
DA:16,0
DA:17,0
DA:22,0
DA:23,0
DA:24,0
DA:25,0
DA:26,0
DA:27,0
DA:28,0
DA:29,0
DA:31,0
DA:33,0
DA:34,0
DA:35,0
DA:36,0
DA:37,0
DA:38,0
DA:39,0
LF:22
LH:0
end_of_record
SF:lib\match\ui\views\agenda\vista_jugador.dart
DA:10,0
DA:12,0
DA:14,0
DA:15,0
DA:17,0
DA:18,0
DA:23,0
DA:24,0
DA:25,0
DA:26,0
DA:27,0
DA:28,0
DA:29,0
DA:30,0
DA:31,0
DA:32,0
DA:34,0
DA:36,0
DA:37,0
DA:38,0
DA:40,0
DA:41,0
DA:44,0
LF:23
LH:0
end_of_record
SF:lib\match\ui\widgets\agenda\partido_model.dart
DA:9,0
DA:11,0
DA:12,0
DA:13,0
DA:14,0
DA:17,0
DA:18,0
DA:19,0
DA:20,0
DA:21,0
DA:22,0
DA:26,0
DA:28,0
DA:33,0
DA:35,0
DA:37,0
DA:38,0
DA:39,0
DA:41,0
DA:42,0
LF:20
LH:0
end_of_record
SF:lib\match\ui\widgets\agenda\players\jugador_model.dart
DA:9,1
DA:10,1
DA:11,1
DA:12,1
DA:13,1
DA:14,1
DA:15,1
DA:16,1
DA:17,1
DA:18,1
DA:19,1
DA:20,1
DA:24,1
DA:26,3
DA:31,1
DA:33,1
DA:34,1
DA:35,1
DA:36,0
DA:39,2
DA:41,1
DA:44,1
DA:48,1
DA:49,1
DA:55,1
DA:56,1
DA:59,1
DA:60,1
DA:61,1
DA:62,1
DA:68,1
DA:69,1
DA:71,2
DA:73,1
DA:74,1
DA:75,0
DA:76,0
DA:77,0
DA:81,1
DA:82,1
DA:83,1
DA:84,1
DA:88,1
DA:89,1
DA:90,1
DA:91,1
DA:100,1
DA:101,1
DA:102,1
DA:104,2
DA:105,1
DA:106,2
DA:107,1
DA:108,1
DA:109,2
DA:112,1
DA:113,0
DA:114,0
DA:115,0
DA:118,0
DA:119,0
DA:128,1
DA:129,1
DA:131,2
DA:132,1
DA:133,1
DA:134,1
DA:135,1
DA:136,2
DA:139,1
DA:140,0
DA:141,0
DA:142,0
DA:143,0
DA:145,0
DA:146,0
LF:76
LH:61
end_of_record
SF:lib\match\ui\views\create\vista_crear_partida.dart
DA:14,2
DA:17,1
DA:19,1
DA:20,1
DA:21,1
DA:23,1
DA:24,1
DA:25,1
DA:26,1
DA:27,1
DA:28,2
DA:29,1
DA:30,1
DA:31,1
DA:35,1
DA:36,1
DA:39,2
DA:40,1
DA:41,1
DA:42,1
DA:44,0
DA:46,0
LF:22
LH:20
end_of_record
SF:lib\match\ui\widgets\forms\inputs\slot_model.dart
DA:5,1
DA:6,1
DA:15,1
DA:17,1
DA:18,2
DA:19,2
DA:20,2
DA:23,0
DA:24,0
DA:26,0
DA:27,0
DA:28,0
DA:29,0
DA:30,0
DA:33,0
DA:38,0
DA:39,0
DA:41,0
DA:42,0
DA:43,0
DA:44,0
DA:45,0
DA:48,0
DA:53,0
DA:54,0
DA:56,0
DA:59,0
DA:60,0
DA:61,0
DA:64,1
DA:66,2
DA:67,2
DA:68,1
DA:71,1
DA:73,1
DA:74,1
DA:75,1
DA:77,1
DA:78,1
DA:80,1
DA:82,1
DA:84,1
DA:85,1
DA:88,1
DA:90,1
DA:92,1
DA:94,1
DA:95,1
DA:100,1
DA:101,0
DA:103,0
DA:104,0
DA:105,0
DA:108,1
DA:110,1
DA:111,4
DA:112,1
DA:115,4
DA:127,1
DA:130,1
DA:131,0
DA:136,2
DA:137,2
DA:139,0
DA:140,0
DA:141,0
DA:144,0
DA:147,0
DA:148,0
DA:149,0
DA:152,0
DA:155,0
DA:157,0
LF:73
LH:36
end_of_record
SF:lib\match\ui\widgets\forms\selectors\date_selector.dart
DA:6,1
DA:8,1
DA:10,1
DA:21,0
DA:22,0
DA:23,0
DA:24,0
DA:25,0
DA:26,0
DA:29,0
DA:30,0
DA:31,0
DA:32,0
DA:38,1
DA:39,1
DA:40,1
DA:41,1
DA:44,0
DA:45,0
DA:46,0
DA:47,0
DA:53,0
DA:55,0
DA:59,1
DA:61,2
DA:62,1
DA:64,1
DA:65,1
DA:66,1
DA:67,1
DA:69,3
DA:72,1
DA:74,1
DA:75,1
DA:76,7
DA:77,1
DA:79,1
DA:80,4
DA:81,1
LF:39
LH:23
end_of_record
SF:lib\match\ui\widgets\forms\selectors\duration_selector.dart
DA:5,25
DA:7,1
DA:9,1
DA:17,0
DA:18,0
DA:19,0
DA:20,0
DA:21,0
DA:22,0
DA:29,1
DA:31,1
DA:32,1
DA:33,1
DA:53,1
LF:14
LH:8
end_of_record
SF:lib\map\ui\widgets\form_map_container.dart
DA:10,1
DA:12,1
DA:14,2
DA:26,1
DA:28,1
DA:30,2
DA:31,2
DA:32,0
DA:34,1
DA:38,0
DA:39,0
DA:42,0
DA:43,0
DA:44,0
DA:46,0
DA:47,0
DA:48,0
DA:49,0
DA:50,0
DA:51,0
DA:52,0
DA:53,0
DA:56,0
DA:57,0
DA:63,0
DA:64,0
DA:65,0
DA:67,0
DA:72,0
DA:73,0
DA:82,0
DA:83,0
DA:85,0
DA:86,0
DA:87,0
DA:88,0
DA:89,0
DA:100,0
DA:101,0
DA:102,0
DA:104,0
DA:105,0
DA:109,0
DA:116,0
DA:117,0
DA:118,0
DA:119,0
DA:120,0
DA:122,0
DA:123,0
DA:124,0
DA:125,0
DA:126,0
DA:127,0
DA:128,0
DA:131,0
DA:132,0
LF:57
LH:8
end_of_record
SF:lib\match\ui\views\search\vista_buscar_partida.dart
DA:13,2
DA:15,2
DA:16,2
DA:22,6
DA:24,0
DA:25,0
DA:27,0
DA:28,0
DA:29,0
DA:33,2
DA:34,2
DA:36,0
DA:38,0
DA:40,0
DA:41,0
DA:42,0
DA:46,2
DA:48,2
DA:49,2
DA:57,0
DA:58,0
DA:60,0
DA:61,0
DA:63,0
DA:64,0
DA:69,0
DA:70,0
DA:71,0
DA:72,0
DA:76,2
DA:78,2
DA:79,2
DA:80,2
DA:81,2
DA:82,2
DA:84,2
DA:85,2
DA:87,0
DA:88,0
DA:89,0
DA:91,0
DA:92,0
DA:97,2
DA:110,2
DA:111,2
DA:112,2
DA:113,2
DA:114,2
DA:115,2
DA:116,4
DA:117,2
DA:119,4
DA:121,2
DA:122,2
DA:123,0
DA:125,2
LF:56
LH:30
end_of_record
SF:lib\match\ui\widgets\maps\footer_mapa.dart
DA:5,25
DA:8,2
DA:10,2
DA:11,2
DA:12,2
DA:13,2
DA:14,2
DA:15,2
DA:16,2
DA:17,2
DA:19,2
DA:20,2
DA:21,2
DA:22,0
DA:23,0
DA:29,2
DA:30,2
LF:17
LH:15
end_of_record
SF:lib\match\ui\widgets\agenda\owner_partido_list.dart
DA:8,0
DA:9,0
DA:10,0
DA:11,0
DA:12,0
DA:18,0
DA:19,0
DA:20,0
DA:21,0
DA:22,0
DA:23,0
DA:25,0
DA:28,0
DA:29,0
DA:37,0
DA:38,0
DA:42,0
DA:43,0
DA:44,0
DA:45,0
DA:46,0
DA:47,0
DA:49,0
DA:52,0
DA:53,0
DA:61,0
DA:62,0
DA:63,0
DA:64,0
DA:65,0
DA:66,0
DA:68,0
DA:71,0
DA:72,0
DA:80,0
DA:81,0
DA:82,0
DA:86,0
DA:87,0
DA:88,0
DA:92,0
DA:93,0
DA:94,0
DA:95,0
DA:96,0
DA:97,0
DA:98,0
DA:101,0
DA:102,0
DA:103,0
DA:104,0
DA:105,0
DA:106,0
DA:107,0
DA:113,1
DA:114,1
DA:115,1
DA:116,2
DA:117,1
DA:118,1
DA:119,1
DA:122,1
DA:123,1
DA:124,2
DA:125,1
DA:126,1
DA:127,1
DA:128,1
DA:129,1
LF:69
LH:15
end_of_record
SF:lib\match\ui\widgets\agenda\avanzado_personal_model.dart
DA:10,1
DA:16,1
DA:18,1
DA:19,2
DA:23,1
DA:25,0
DA:26,1
DA:27,1
DA:28,1
DA:29,1
DA:30,1
DA:32,2
DA:33,4
DA:34,1
DA:35,1
DA:37,1
DA:38,0
DA:47,1
DA:49,1
DA:50,1
DA:53,1
DA:54,1
DA:55,1
DA:56,1
DA:57,1
DA:58,1
DA:62,1
DA:64,3
DA:69,1
DA:71,1
DA:73,1
DA:75,1
DA:77,1
DA:78,1
DA:79,1
DA:80,1
DA:81,2
DA:82,1
DA:83,1
DA:86,1
DA:87,1
DA:97,1
DA:98,1
DA:99,1
DA:102,1
DA:103,1
DA:104,1
DA:105,1
DA:106,1
DA:107,1
DA:111,1
DA:113,3
DA:118,1
DA:120,1
DA:122,1
DA:123,1
DA:124,1
DA:125,1
DA:127,1
DA:128,1
DA:134,1
DA:135,1
DA:136,1
DA:138,1
DA:139,1
DA:142,1
DA:143,1
DA:144,1
DA:146,1
DA:147,1
DA:156,1
DA:157,1
DA:158,1
DA:160,2
DA:161,1
DA:162,1
DA:163,1
DA:164,1
DA:165,1
DA:166,1
DA:169,1
DA:171,1
DA:172,0
DA:173,0
DA:174,0
DA:175,0
DA:179,1
DA:187,1
DA:188,1
DA:189,1
DA:191,2
DA:192,1
DA:193,1
DA:194,1
DA:195,1
DA:196,1
DA:197,1
DA:200,1
DA:202,1
DA:203,0
DA:204,0
DA:205,0
DA:206,0
DA:210,1
LF:104
LH:94
end_of_record
SF:lib\map\ui\widgets\partido_map_container.dart
DA:7,1
DA:11,1
DA:13,3
DA:19,1
DA:20,2
DA:21,1
DA:24,3
DA:25,1
DA:31,1
DA:33,1
DA:36,1
DA:38,1
DA:40,1
DA:41,1
DA:42,2
DA:43,1
DA:44,1
DA:45,3
DA:48,1
DA:49,1
DA:50,1
DA:51,1
DA:53,0
DA:54,0
DA:58,1
DA:63,1
DA:64,1
LF:27
LH:25
end_of_record
SF:lib\match\ui\widgets\agenda\texts\text_model.dart
DA:4,5
DA:15,5
DA:17,5
DA:18,5
DA:19,10
DA:20,5
DA:21,5
LF:7
LH:7
end_of_record
SF:lib\match\ui\widgets\agenda\scroll\owner_matches.dart
DA:9,0
DA:11,0
DA:23,1
DA:34,1
DA:38,1
DA:48,1
DA:50,1
DA:53,1
DA:54,1
DA:55,1
DA:56,1
DA:57,1
DA:58,1
DA:59,1
DA:63,1
DA:65,3
DA:71,1
DA:73,1
DA:75,0
DA:77,1
DA:83,1
DA:93,1
DA:94,1
DA:97,1
DA:98,1
DA:99,1
DA:100,1
DA:101,1
DA:102,1
DA:103,1
DA:107,1
DA:109,3
DA:115,1
DA:117,1
DA:118,1
DA:120,1
DA:127,1
DA:129,1
DA:131,1
DA:132,1
DA:133,1
DA:134,2
DA:135,2
DA:136,1
DA:137,1
DA:138,1
DA:139,1
DA:141,1
DA:142,1
DA:143,1
DA:145,0
DA:147,0
DA:148,0
DA:149,0
DA:155,1
DA:156,1
DA:157,1
DA:159,0
DA:161,0
DA:162,0
DA:163,0
DA:170,1
DA:172,1
DA:174,1
DA:175,1
DA:176,1
DA:177,2
DA:178,2
DA:179,1
DA:180,1
DA:181,1
DA:182,1
DA:184,1
DA:185,1
DA:186,1
DA:188,0
DA:190,0
DA:191,0
DA:192,0
DA:198,1
DA:199,1
DA:200,1
DA:202,0
DA:204,0
DA:205,0
DA:206,0
LF:86
LH:67
end_of_record
SF:lib\match\ui\widgets\agenda\time\hour_style.dart
DA:6,1
DA:7,1
DA:8,1
DA:10,1
DA:12,1
DA:13,1
DA:16,1
DA:17,1
DA:18,1
DA:19,1
DA:20,1
DA:21,1
DA:22,1
DA:26,1
DA:28,3
DA:33,1
DA:35,2
DA:36,1
DA:38,1
DA:40,1
DA:41,1
DA:42,1
DA:43,1
DA:44,1
DA:45,1
DA:46,1
DA:50,1
DA:52,3
DA:57,1
DA:59,2
DA:60,1
DA:67,1
DA:68,1
LF:33
LH:33
end_of_record
SF:lib\user\ui\views\profile\vista_player.dart
DA:6,0
DA:8,0
DA:10,0
DA:11,0
LF:4
LH:0
end_of_record
SF:lib\user\ui\views\user_model.dart
DA:12,0
DA:13,0
DA:14,0
DA:15,0
DA:16,0
DA:17,0
DA:18,0
DA:19,0
DA:21,0
DA:22,0
DA:23,0
DA:24,0
DA:33,1
DA:36,0
DA:37,1
DA:38,1
DA:39,1
DA:43,2
DA:44,1
DA:47,1
DA:48,1
DA:49,1
DA:51,1
DA:53,1
DA:54,1
DA:59,0
DA:61,0
DA:64,1
DA:67,1
LF:29
LH:14
end_of_record
SF:lib\user\ui\views\profile\vista_perfil.dart
DA:9,2
DA:11,1
DA:13,1
DA:14,1
DA:17,1
DA:19,1
DA:20,1
DA:23,2
DA:24,1
DA:25,2
DA:26,1
DA:27,1
DA:28,1
DA:30,0
DA:31,0
DA:33,1
LF:16
LH:14
end_of_record
SF:lib\user\domain\utils\profile_image.dart
DA:8,1
DA:10,1
DA:12,1
DA:14,1
DA:15,1
DA:16,1
DA:17,2
DA:18,1
DA:19,0
DA:20,0
DA:21,0
DA:22,0
DA:24,0
DA:27,0
DA:36,0
LF:15
LH:8
end_of_record
SF:lib\user\ui\widgets\future\name_future_builder.dart
DA:7,1
DA:9,1
DA:11,1
DA:12,1
DA:13,1
DA:14,2
DA:15,1
DA:16,0
DA:17,0
DA:18,0
DA:19,0
DA:21,0
DA:22,0
DA:23,0
LF:14
LH:7
end_of_record
SF:lib\match\ui\widgets\agenda\avanzado_model.dart
DA:10,26
DA:14,0
DA:16,0
DA:17,0
DA:20,1
DA:22,1
DA:24,1
DA:25,1
DA:26,1
DA:29,1
DA:33,0
DA:34,0
DA:35,0
DA:36,0
DA:37,0
DA:38,0
DA:39,0
DA:41,0
DA:42,0
DA:43,0
DA:44,0
DA:46,0
DA:47,0
DA:56,1
DA:58,1
DA:59,1
DA:62,1
DA:63,1
DA:64,1
DA:65,1
DA:66,1
DA:67,1
DA:71,1
DA:73,3
DA:78,1
DA:80,1
DA:82,1
DA:84,1
DA:86,1
DA:87,1
DA:88,1
DA:89,1
DA:90,2
DA:91,1
DA:92,1
DA:95,1
DA:96,1
DA:106,1
DA:107,1
DA:108,1
DA:111,1
DA:112,1
DA:113,1
DA:114,1
DA:115,1
DA:116,1
DA:120,1
DA:122,3
DA:127,1
DA:129,1
DA:131,1
DA:132,1
DA:133,1
DA:134,1
DA:136,0
DA:137,0
DA:143,1
DA:144,1
DA:145,1
DA:147,0
DA:148,0
DA:151,1
DA:152,1
DA:153,1
DA:155,0
DA:156,0
DA:165,1
DA:166,0
DA:167,1
DA:169,2
DA:170,1
DA:171,1
DA:172,1
DA:173,1
DA:174,1
DA:175,1
DA:178,1
DA:180,1
DA:181,1
DA:182,1
DA:183,1
DA:184,1
DA:188,1
LF:93
LH:70
end_of_record
SF:lib\user\data\player_service.dart
DA:11,0
DA:12,0
DA:14,0
DA:16,0
DA:17,0
DA:20,0
DA:21,0
DA:24,0
DA:25,0
DA:30,0
DA:31,0
DA:34,0
DA:35,0
LF:13
LH:0
end_of_record
SF:lib\user\domain\utils\player_image.dart
DA:5,1
DA:7,1
DA:10,0
DA:14,0
DA:15,0
DA:19,1
DA:21,1
DA:24,0
DA:27,0
DA:31,0
DA:36,1
DA:38,1
DA:40,1
DA:43,1
LF:14
LH:8
end_of_record
SF:lib\map\data\services\location_search.dart
DA:11,1
DA:12,1
DA:13,1
DA:14,1
DA:16,1
DA:19,2
DA:20,2
DA:21,2
DA:22,1
DA:23,2
DA:24,2
DA:25,2
DA:26,1
DA:27,1
DA:29,0
DA:32,0
DA:36,1
DA:37,1
LF:18
LH:16
end_of_record
SF:lib\map\domain\location_coordinate.dart
DA:6,2
DA:7,0
DA:8,0
DA:9,0
DA:12,1
DA:13,1
DA:14,1
DA:21,1
DA:22,1
DA:23,1
DA:30,1
DA:31,1
DA:33,1
DA:34,1
LF:14
LH:11
end_of_record
